2016-5-16 23:47:00 org.apache.catalina.core.ApplicationContext log
信息: ContextListener: contextInitialized()
2016-5-16 23:47:00 org.apache.catalina.core.ApplicationContext log
信息: SessionListener: contextInitialized()
2016-5-16 23:47:01 org.apache.catalina.core.ApplicationContext log
信息: SessionListener: contextDestroyed()
2016-5-16 23:47:01 org.apache.catalina.core.ApplicationContext log
信息: ContextListener: contextDestroyed()
2016-5-16 23:49:55 org.apache.catalina.core.ApplicationContext log
信息: ContextListener: contextInitialized()
2016-5-16 23:49:55 org.apache.catalina.core.ApplicationContext log
信息: SessionListener: contextInitialized()
2016-5-16 23:49:56 org.apache.catalina.core.ApplicationContext log
信息: SessionListener: contextDestroyed()
2016-5-16 23:49:56 org.apache.catalina.core.ApplicationContext log
信息: ContextListener: contextDestroyed()
2016-5-16 23:51:43 org.apache.catalina.core.ApplicationContext log
信息: ContextListener: contextInitialized()
2016-5-16 23:51:43 org.apache.catalina.core.ApplicationContext log
信息: SessionListener: contextInitialized()
2016-5-16 23:51:44 org.apache.catalina.core.ApplicationContext log
信息: SessionListener: contextDestroyed()
2016-5-16 23:51:44 org.apache.catalina.core.ApplicationContext log
信息: ContextListener: contextDestroyed()
2016-5-16 23:52:23 org.apache.catalina.core.ApplicationContext log
信息: ContextListener: contextInitialized()
2016-5-16 23:52:23 org.apache.catalina.core.ApplicationContext log
信息: SessionListener: contextInitialized()
2016-5-16 23:52:25 org.apache.catalina.core.ApplicationContext log
信息: SessionListener: contextDestroyed()
2016-5-16 23:52:25 org.apache.catalina.core.ApplicationContext log
信息: ContextListener: contextDestroyed()
